Using pre-set license
Built from '2020.3/staging' branch; Version is '2020.3.3f1 (76626098c1c4) revision 7758432'; Using compiler version '192528614'; Build Type 'Release'
OS: 'Windows 10 Home; OS build 19041.985; Version 2004; 64bit' Language: 'ko' Physical Memory: 32643 MB
BatchMode: 1, IsHumanControllingUs: 0, StartBugReporterOnCrash: 0, Is64bit: 1, IsPro: 0

 COMMAND LINE ARGUMENTS:
D:\Unity\2020.3.3f1\Editor\Unity.exe
-adb2
-batchMode
-noUpm
-name
AssetImportWorker0
-projectPath
D:/Unity/HelloUnity (2)
-logFile
Logs/AssetImportWorker0.log
-srvPort
1340
Successfully changed project path to: D:/Unity/HelloUnity (2)
D:/Unity/HelloUnity (2)
Using Asset Import Pipeline V2.
Refreshing native plugins compatible for Editor in 15.93 ms, found 0 plugins.
Preloading 0 native plugins for Editor in 0.00 ms.
Initialize engine version: 2020.3.3f1 (76626098c1c4)
[Subsystems] Discovering subsystems at path D:/Unity/2020.3.3f1/Editor/Data/Resources/UnitySubsystems
[Subsystems] Discovering subsystems at path D:/Unity/HelloUnity (2)/Assets
GfxDevice: creating device client; threaded=0
Direct3D:
    Version:  Direct3D 11.0 [level 11.1]
    Renderer: NVIDIA GeForce RTX 3080 (ID=0x2206)
    Vendor:   
    VRAM:     10078 MB
    Driver:   27.21.14.6647
Initialize mono
Mono path[0] = 'D:/Unity/2020.3.3f1/Editor/Data/Managed'
Mono path[1] = 'D:/Unity/2020.3.3f1/Editor/Data/MonoBleedingEdge/lib/mono/unityjit'
Mono config path = 'D:/Unity/2020.3.3f1/Editor/Data/MonoBleedingEdge/etc'
Using monoOptions --debugger-agent=transport=dt_socket,embedding=1,server=y,suspend=n,address=127.0.0.1:56972
Begin MonoManager ReloadAssembly
Registering precompiled unity dll's ...
Register platform support module: D:/Unity/2020.3.3f1/Editor/Data/PlaybackEngines/WindowsStandaloneSupport/UnityEditor.WindowsStandalone.Extensions.dll
Registered in 0.000651 seconds.
Native extension for WindowsStandalone target not found
Refreshing native plugins compatible for Editor in 17.12 ms, found 0 plugins.
Preloading 0 native plugins for Editor in 0.00 ms.
Invoked RoslynAnalysisRunner static constructor.
RoslynAnalysisRunner will not be running.
RoslynAnalysisRunner has terminated.
Mono: successfully reloaded assembly
- Completed reload, in  0.594 seconds
Platform modules already initialized, skipping
Registering precompiled user dll's ...
Registered in 0.000299 seconds.
Begin MonoManager ReloadAssembly
Native extension for WindowsStandalone target not found
Refreshing native plugins compatible for Editor in 0.14 ms, found 0 plugins.
Preloading 0 native plugins for Editor in 0.00 ms.
Invoked RoslynAnalysisRunner static constructor.
RoslynAnalysisRunner will not be running.
RoslynAnalysisRunner has terminated.
Mono: successfully reloaded assembly
- Completed reload, in  0.556 seconds
Platform modules already initialized, skipping
========================================================================
Worker process is ready to serve import requests
Launched and connected shader compiler UnityShaderCompiler.exe after 0.03 seconds
Refreshing native plugins compatible for Editor in 0.16 ms, found 0 plugins.
Preloading 0 native plugins for Editor in 0.00 ms.
Unloading 1124 Unused Serialized files (Serialized files now loaded: 0)
System memory in use before: 60.1 MB.
System memory in use after: 60.1 MB.

Unloading 10 unused Assets to reduce memory usage. Loaded Objects now: 1567.
Total: 1.070100 ms (FindLiveObjects: 0.105000 ms CreateObjectMapping: 0.028000 ms MarkObjects: 0.883800 ms  DeleteObjects: 0.052500 ms)

========================================================================
Received Import Request.
  path: Assets/Scripts/BulletSpawner.cs
  artifactKey: Guid(d1cbc2b267658af42ae8df9c62b04ea0) Importer(815301076,1909f56bfc062723c751e8b465ee728b)
Start importing Assets/Scripts/BulletSpawner.cs using Guid(d1cbc2b267658af42ae8df9c62b04ea0) Importer(815301076,1909f56bfc062723c751e8b465ee728b)  -> (artifact id: 'fc5ba1a08ac49a16b6167568d2346b74') in 0.011774 seconds
  Import took 0.013008 seconds .

========================================================================
Received Import Request.
  Time since last request: 36.003575 seconds.
  path: Assets/Prefabs/Bullet Spawner.prefab
  artifactKey: Guid(f35a63d5aaef92545854523866097792) Importer(815301076,1909f56bfc062723c751e8b465ee728b)
Start importing Assets/Prefabs/Bullet Spawner.prefab using Guid(f35a63d5aaef92545854523866097792) Importer(815301076,1909f56bfc062723c751e8b465ee728b)  -> (artifact id: '99d06c4de83319a4b51d31053681cbb4') in 0.054364 seconds
  Import took 0.055721 seconds .

========================================================================
Received Import Request.
  Time since last request: 11.026760 seconds.
  path: Assets/Scripts/GameManager.cs
  artifactKey: Guid(8d9225a657d1d2c40b661664bb1acf2b) Importer(815301076,1909f56bfc062723c751e8b465ee728b)
Start importing Assets/Scripts/GameManager.cs using Guid(8d9225a657d1d2c40b661664bb1acf2b) Importer(815301076,1909f56bfc062723c751e8b465ee728b)  -> (artifact id: '117560cbb6bd6e8070ce9ec399c69016') in 0.004068 seconds
  Import took 0.005302 seconds .

========================================================================
Received Prepare
Registering precompiled user dll's ...
Registered in 0.000301 seconds.
Begin MonoManager ReloadAssembly
Native extension for WindowsStandalone target not found
Refreshing native plugins compatible for Editor in 0.14 ms, found 0 plugins.
Preloading 0 native plugins for Editor in 0.00 ms.
Invoked RoslynAnalysisRunner static constructor.
RoslynAnalysisRunner will not be running.
RoslynAnalysisRunner has terminated.
Mono: successfully reloaded assembly
- Completed reload, in  0.505 seconds
Platform modules already initialized, skipping
Refreshing native plugins compatible for Editor in 0.13 ms, found 0 plugins.
Preloading 0 native plugins for Editor in 0.00 ms.
Unloading 1119 Unused Serialized files (Serialized files now loaded: 0)
System memory in use before: 63.2 MB.
System memory in use after: 63.2 MB.

Unloading 5 unused Assets to reduce memory usage. Loaded Objects now: 1579.
Total: 1.047200 ms (FindLiveObjects: 0.092500 ms CreateObjectMapping: 0.025900 ms MarkObjects: 0.898800 ms  DeleteObjects: 0.029400 ms)

========================================================================
Received Import Request.
  Time since last request: 112.733587 seconds.
  path: Assets/Scenes/SampleScene.unity
  artifactKey: Guid(9fc0d4010bbf28b4594072e72b8655ab) Importer(815301076,1909f56bfc062723c751e8b465ee728b)
Start importing Assets/Scenes/SampleScene.unity using Guid(9fc0d4010bbf28b4594072e72b8655ab) Importer(815301076,1909f56bfc062723c751e8b465ee728b)  -> (artifact id: '9685be8f27c8d206853f396ada4244a1') in 0.008953 seconds
  Import took 0.010211 seconds .

========================================================================
Received Import Request.
  Time since last request: 15.925770 seconds.
  path: Assets/Scenes/SampleScene2.unity
  artifactKey: Guid(e625acd4f1d76d047b3553a7f23fb3da) Importer(815301076,1909f56bfc062723c751e8b465ee728b)
Start importing Assets/Scenes/SampleScene2.unity using Guid(e625acd4f1d76d047b3553a7f23fb3da) Importer(815301076,1909f56bfc062723c751e8b465ee728b)  -> (artifact id: '7aa6af2921a34043e8f3c7fc560da09a') in 0.003729 seconds
  Import took 0.004978 seconds .

========================================================================
Received Import Request.
  Time since last request: 213.368958 seconds.
  path: Assets/Scripts/GameManager2.cs
  artifactKey: Guid(49308853a0684db439b5b9919795a89c) Importer(815301076,1909f56bfc062723c751e8b465ee728b)
Start importing Assets/Scripts/GameManager2.cs using Guid(49308853a0684db439b5b9919795a89c) Importer(815301076,1909f56bfc062723c751e8b465ee728b)  -> (artifact id: '705104b3ba1099e8da07a8bbfd350bd6') in 0.003498 seconds
  Import took 0.004893 seconds .

========================================================================
Received Prepare
Registering precompiled user dll's ...
Registered in 0.000244 seconds.
Begin MonoManager ReloadAssembly
Native extension for WindowsStandalone target not found
Refreshing native plugins compatible for Editor in 0.14 ms, found 0 plugins.
Preloading 0 native plugins for Editor in 0.00 ms.
Invoked RoslynAnalysisRunner static constructor.
RoslynAnalysisRunner will not be running.
RoslynAnalysisRunner has terminated.
Mono: successfully reloaded assembly
- Completed reload, in  0.511 seconds
Platform modules already initialized, skipping
Refreshing native plugins compatible for Editor in 0.12 ms, found 0 plugins.
Preloading 0 native plugins for Editor in 0.00 ms.
Unloading 1120 Unused Serialized files (Serialized files now loaded: 0)
System memory in use before: 63.2 MB.
System memory in use after: 63.3 MB.

Unloading 5 unused Assets to reduce memory usage. Loaded Objects now: 1583.
Total: 1.026300 ms (FindLiveObjects: 0.092500 ms CreateObjectMapping: 0.027000 ms MarkObjects: 0.875200 ms  DeleteObjects: 0.031000 ms)

========================================================================
Received Import Request.
  Time since last request: 529.503761 seconds.
  path: Assets/Scripts/GameManager2.cs
  artifactKey: Guid(49308853a0684db439b5b9919795a89c) Importer(815301076,1909f56bfc062723c751e8b465ee728b)
Start importing Assets/Scripts/GameManager2.cs using Guid(49308853a0684db439b5b9919795a89c) Importer(815301076,1909f56bfc062723c751e8b465ee728b)  -> (artifact id: 'd0de28ce59ca579c1074f3007980bd9d') in 0.002915 seconds
  Import took 0.004458 seconds .

========================================================================
Received Import Request.
  Time since last request: 111.255275 seconds.
  path: Assets/Scripts/GameManager2.cs
  artifactKey: Guid(49308853a0684db439b5b9919795a89c) Importer(815301076,1909f56bfc062723c751e8b465ee728b)
Start importing Assets/Scripts/GameManager2.cs using Guid(49308853a0684db439b5b9919795a89c) Importer(815301076,1909f56bfc062723c751e8b465ee728b)  -> (artifact id: '3b1cbd8f86586ee15810f0d8dc78ba2a') in 0.000976 seconds
  Import took 0.002300 seconds .

========================================================================
Received Import Request.
  Time since last request: 185.177982 seconds.
  path: Assets/Scripts/GameManager2.cs
  artifactKey: Guid(49308853a0684db439b5b9919795a89c) Importer(815301076,1909f56bfc062723c751e8b465ee728b)
Start importing Assets/Scripts/GameManager2.cs using Guid(49308853a0684db439b5b9919795a89c) Importer(815301076,1909f56bfc062723c751e8b465ee728b)  -> (artifact id: '5431c77948d4613aa9db64e931e481b0') in 0.000986 seconds
  Import took 0.002427 seconds .

========================================================================
Received Import Request.
  Time since last request: 107.887348 seconds.
  path: Assets/Scripts/GameManager2.cs
  artifactKey: Guid(49308853a0684db439b5b9919795a89c) Importer(815301076,1909f56bfc062723c751e8b465ee728b)
Start importing Assets/Scripts/GameManager2.cs using Guid(49308853a0684db439b5b9919795a89c) Importer(815301076,1909f56bfc062723c751e8b465ee728b)  -> (artifact id: 'bb274ece73af603d5b7e0ec520bb0e3d') in 0.001074 seconds
  Import took 0.002362 seconds .

========================================================================
Received Prepare
Registering precompiled user dll's ...
Registered in 0.000255 seconds.
Begin MonoManager ReloadAssembly
Native extension for WindowsStandalone target not found
Refreshing native plugins compatible for Editor in 0.14 ms, found 0 plugins.
Preloading 0 native plugins for Editor in 0.00 ms.
Invoked RoslynAnalysisRunner static constructor.
RoslynAnalysisRunner will not be running.
RoslynAnalysisRunner has terminated.
Mono: successfully reloaded assembly
- Completed reload, in  0.510 seconds
Platform modules already initialized, skipping
Refreshing native plugins compatible for Editor in 0.13 ms, found 0 plugins.
Preloading 0 native plugins for Editor in 0.00 ms.
Unloading 1120 Unused Serialized files (Serialized files now loaded: 0)
System memory in use before: 63.2 MB.
System memory in use after: 63.3 MB.

Unloading 5 unused Assets to reduce memory usage. Loaded Objects now: 1586.
Total: 1.038500 ms (FindLiveObjects: 0.105900 ms CreateObjectMapping: 0.030400 ms MarkObjects: 0.869100 ms  DeleteObjects: 0.032500 ms)

========================================================================
Received Import Request.
  Time since last request: 42.490599 seconds.
  path: Assets/Scripts/GameManager2.cs
  artifactKey: Guid(49308853a0684db439b5b9919795a89c) Importer(815301076,1909f56bfc062723c751e8b465ee728b)
Start importing Assets/Scripts/GameManager2.cs using Guid(49308853a0684db439b5b9919795a89c) Importer(815301076,1909f56bfc062723c751e8b465ee728b)  -> (artifact id: '9094d81b7e0f3982db2fd422947a03d0') in 0.002016 seconds
  Import took 0.003122 seconds .

========================================================================
Received Prepare
Registering precompiled user dll's ...
Registered in 0.000266 seconds.
Begin MonoManager ReloadAssembly
Native extension for WindowsStandalone target not found
Refreshing native plugins compatible for Editor in 0.15 ms, found 0 plugins.
Preloading 0 native plugins for Editor in 0.00 ms.
Invoked RoslynAnalysisRunner static constructor.
RoslynAnalysisRunner will not be running.
RoslynAnalysisRunner has terminated.
Mono: successfully reloaded assembly
- Completed reload, in  0.504 seconds
Platform modules already initialized, skipping
Refreshing native plugins compatible for Editor in 0.13 ms, found 0 plugins.
Preloading 0 native plugins for Editor in 0.00 ms.
Unloading 1120 Unused Serialized files (Serialized files now loaded: 0)
System memory in use before: 63.2 MB.
System memory in use after: 63.3 MB.

Unloading 5 unused Assets to reduce memory usage. Loaded Objects now: 1589.
Total: 0.997400 ms (FindLiveObjects: 0.093300 ms CreateObjectMapping: 0.024900 ms MarkObjects: 0.848100 ms  DeleteObjects: 0.030400 ms)

========================================================================
Received Import Request.
  Time since last request: 445.387829 seconds.
  path: Assets/Scripts/GameManager2.cs
  artifactKey: Guid(49308853a0684db439b5b9919795a89c) Importer(815301076,1909f56bfc062723c751e8b465ee728b)
Start importing Assets/Scripts/GameManager2.cs using Guid(49308853a0684db439b5b9919795a89c) Importer(815301076,1909f56bfc062723c751e8b465ee728b)  -> (artifact id: '96cec960ebef62fe42eb6d5e2ba48dff') in 0.002001 seconds
  Import took 0.003105 seconds .

========================================================================
Received Prepare
Registering precompiled user dll's ...
Registered in 0.000262 seconds.
Begin MonoManager ReloadAssembly
Native extension for WindowsStandalone target not found
Refreshing native plugins compatible for Editor in 0.14 ms, found 0 plugins.
Preloading 0 native plugins for Editor in 0.00 ms.
Invoked RoslynAnalysisRunner static constructor.
RoslynAnalysisRunner will not be running.
RoslynAnalysisRunner has terminated.
Mono: successfully reloaded assembly
- Completed reload, in  0.496 seconds
Platform modules already initialized, skipping
Refreshing native plugins compatible for Editor in 0.13 ms, found 0 plugins.
Preloading 0 native plugins for Editor in 0.00 ms.
Unloading 1120 Unused Serialized files (Serialized files now loaded: 0)
System memory in use before: 63.2 MB.
System memory in use after: 63.3 MB.

Unloading 5 unused Assets to reduce memory usage. Loaded Objects now: 1592.
Total: 1.011900 ms (FindLiveObjects: 0.092200 ms CreateObjectMapping: 0.029400 ms MarkObjects: 0.858800 ms  DeleteObjects: 0.030900 ms)

AssetImportWorkerClient::OnTransportError - code=2 error=End of file
